# JRE version: 7.0_21-b11
# Java VM: Java HotSpot(TM) 64-Bit Server VM (23.21-b01 mixed mode windows-amd64 compressed oops)
Heap
 PSYoungGen      total 17600K, used 15449K [0x00000007d56b0000, 0x00000007d68a0000, 0x0000000800000000)
  eden space 17280K, 87% used [0x00000007d56b0000,0x00000007d6577b28,0x00000007d6790000)
  from space 320K, 98% used [0x00000007d6850000,0x00000007d689ea70,0x00000007d68a0000)
  to   space 512K, 0% used [0x00000007d67a0000,0x00000007d67a0000,0x00000007d6820000)
 ParOldGen       total 87168K, used 65732K [0x0000000780400000, 0x0000000785920000, 0x00000007d56b0000)
  object space 87168K, 75% used [0x0000000780400000,0x00000007844313c0,0x0000000785920000)
 PSPermGen       total 21248K, used 7919K [0x000000077b200000, 0x000000077c6c0000, 0x0000000780400000)
  object space 21248K, 37% used [0x000000077b200000,0x000000077b9bbee0,0x000000077c6c0000)
GC Heap History (10 events):
Event: 85.626 GC heap before
{Heap before GC invocations=1832 (full 0):
 PSYoungGen      total 15680K, used 15619K [0x00000007d56b0000, 0x00000007d69a0000, 0x0000000800000000)
  eden space 15168K, 100% used [0x00000007d56b0000,0x00000007d6580000,0x00000007d6580000)
  from space 512K, 88% used [0x00000007d6580000,0x00000007d65f0d70,0x00000007d6600000)
  to   space 576K, 0% used [0x00000007d6910000,0x00000007d6910000,0x00000007d69a0000)
 ParOldGen       total 87168K, used 65628K [0x0000000780400000, 0x0000000785920000, 0x00000007d56b0000)
  object space 87168K, 75% used [0x0000000780400000,0x00000007844173c0,0x0000000785920000)
 PSPermGen       total 21248K, used 7919K [0x000000077b200000, 0x000000077c6c0000, 0x0000000780400000)
  object space 21248K, 37% used [0x000000077b200000,0x000000077b9bbee0,0x000000077c6c0000)
Event: 85.626 GC heap after
Heap after GC invocations=1832 (full 0):
 PSYoungGen      total 15296K, used 314K [0x00000007d56b0000, 0x00000007d6960000, 0x0000000800000000)
  eden space 14976K, 0% used [0x00000007d56b0000,0x00000007d56b0000,0x00000007d6550000)
  from space 320K, 98% used [0x00000007d6910000,0x00000007d695ea70,0x00000007d6960000)
  to   space 512K, 0% used [0x00000007d6860000,0x00000007d6860000,0x00000007d68e0000)
 ParOldGen       total 87168K, used 65652K [0x0000000780400000, 0x0000000785920000, 0x00000007d56b0000)
  object space 87168K, 75% used [0x0000000780400000,0x000000078441d3c0,0x0000000785920000)
 PSPermGen       total 21248K, used 7919K [0x000000077b200000, 0x000000077c6c0000, 0x0000000780400000)
  object space 21248K, 37% used [0x000000077b200000,0x000000077b9bbee0,0x000000077c6c0000)
}
Event: 85.661 GC heap before
{Heap before GC invocations=1833 (full 0):
 PSYoungGen      total 15296K, used 15270K [0x00000007d56b0000, 0x00000007d6960000, 0x0000000800000000)
  eden space 14976K, 99% used [0x00000007d56b0000,0x00000007d654add0,0x00000007d6550000)
  from space 320K, 98% used [0x00000007d6910000,0x00000007d695ea70,0x00000007d6960000)
  to   space 512K, 0% used [0x00000007d6860000,0x00000007d6860000,0x00000007d68e0000)
 ParOldGen       total 87168K, used 65652K [0x0000000780400000, 0x0000000785920000, 0x00000007d56b0000)
  object space 87168K, 75% used [0x0000000780400000,0x000000078441d3c0,0x0000000785920000)
 PSPermGen       total 21248K, used 7919K [0x000000077b200000, 0x000000077c6c0000, 0x0000000780400000)
  object space 21248K, 37% used [0x000000077b200000,0x000000077b9bbee0,0x000000077c6c0000)
Event: 85.662 GC heap after
Heap after GC invocations=1833 (full 0):
 PSYoungGen      total 15104K, used 314K [0x00000007d56b0000, 0x00000007d6920000, 0x0000000800000000)
  eden space 14784K, 0% used [0x00000007d56b0000,0x00000007d56b0000,0x00000007d6520000)
  from space 320K, 98% used [0x00000007d6860000,0x00000007d68aea70,0x00000007d68b0000)
  to   space 448K, 0% used [0x00000007d68b0000,0x00000007d68b0000,0x00000007d6920000)
 ParOldGen       total 87168K, used 65676K [0x0000000780400000, 0x0000000785920000, 0x00000007d56b0000)
  object space 87168K, 75% used [0x0000000780400000,0x00000007844233c0,0x0000000785920000)
 PSPermGen       total 21248K, used 7919K [0x000000077b200000, 0x000000077c6c0000, 0x0000000780400000)
  object space 21248K, 37% used [0x000000077b200000,0x000000077b9bbee0,0x000000077c6c0000)
}
Event: 85.696 GC heap before
{Heap before GC invocations=1834 (full 0):
 PSYoungGen      total 15104K, used 15098K [0x00000007d56b0000, 0x00000007d6920000, 0x0000000800000000)
  eden space 14784K, 100% used [0x00000007d56b0000,0x00000007d6520000,0x00000007d6520000)
  from space 320K, 98% used [0x00000007d6860000,0x00000007d68aea70,0x00000007d68b0000)
  to   space 448K, 0% used [0x00000007d68b0000,0x00000007d68b0000,0x00000007d6920000)
 ParOldGen       total 87168K, used 65676K [0x0000000780400000, 0x0000000785920000, 0x00000007d56b0000)
  object space 87168K, 75% used [0x0000000780400000,0x00000007844233c0,0x0000000785920000)
 PSPermGen       total 21248K, used 7919K [0x000000077b200000, 0x000000077c6c0000, 0x0000000780400000)
  object space 21248K, 37% used [0x000000077b200000,0x000000077b9bbee0,0x000000077c6c0000)
Event: 85.697 GC heap after
Heap after GC invocations=1834 (full 0):
 PSYoungGen      total 14848K, used 256K [0x00000007d56b0000, 0x00000007d68f0000, 0x0000000800000000)
  eden space 14592K, 0% used [0x00000007d56b0000,0x00000007d56b0000,0x00000007d64f0000)
  from space 256K, 100% used [0x00000007d68b0000,0x00000007d68f0000,0x00000007d68f0000)
  to   space 512K, 0% used [0x00000007d67f0000,0x00000007d67f0000,0x00000007d6870000)
 ParOldGen       total 87168K, used 65700K [0x0000000780400000, 0x0000000785920000, 0x00000007d56b0000)
  object space 87168K, 75% used [0x0000000780400000,0x00000007844293c0,0x0000000785920000)
 PSPermGen       total 21248K, used 7919K [0x000000077b200000, 0x000000077c6c0000, 0x0000000780400000)
  object space 21248K, 37% used [0x000000077b200000,0x000000077b9bbee0,0x000000077c6c0000)
}
Event: 85.731 GC heap before
{Heap before GC invocations=1835 (full 0):
 PSYoungGen      total 14848K, used 14839K [0x00000007d56b0000, 0x00000007d68f0000, 0x0000000800000000)
  eden space 14592K, 99% used [0x00000007d56b0000,0x00000007d64edda8,0x00000007d64f0000)
  from space 256K, 100% used [0x00000007d68b0000,0x00000007d68f0000,0x00000007d68f0000)
  to   space 512K, 0% used [0x00000007d67f0000,0x00000007d67f0000,0x00000007d6870000)
 ParOldGen       total 87168K, used 65700K [0x0000000780400000, 0x0000000785920000, 0x00000007d56b0000)
  object space 87168K, 75% used [0x0000000780400000,0x00000007844293c0,0x0000000785920000)
 PSPermGen       total 21248K, used 7919K [0x000000077b200000, 0x000000077c6c0000, 0x0000000780400000)
  object space 21248K, 37% used [0x000000077b200000,0x000000077b9bbee0,0x000000077c6c0000)
Event: 85.731 GC heap after
Heap after GC invocations=1835 (full 0):
 PSYoungGen      total 17920K, used 360K [0x00000007d56b0000, 0x00000007d68d0000, 0x0000000800000000)
  eden space 17536K, 0% used [0x00000007d56b0000,0x00000007d56b0000,0x00000007d67d0000)
  from space 384K, 93% used [0x00000007d67f0000,0x00000007d684a300,0x00000007d6850000)
  to   space 512K, 0% used [0x00000007d6850000,0x00000007d6850000,0x00000007d68d0000)
 ParOldGen       total 87168K, used 65700K [0x0000000780400000, 0x0000000785920000, 0x00000007d56b0000)
  object space 87168K, 75% used [0x0000000780400000,0x00000007844293c0,0x0000000785920000)
 PSPermGen       total 21248K, used 7919K [0x000000077b200000, 0x000000077c6c0000, 0x0000000780400000)
  object space 21248K, 37% used [0x000000077b200000,0x000000077b9bbee0,0x000000077c6c0000)
}
Event: 85.773 GC heap before
{Heap before GC invocations=1836 (full 0):
 PSYoungGen      total 17920K, used 17834K [0x00000007d56b0000, 0x00000007d68d0000, 0x0000000800000000)
  eden space 17536K, 99% used [0x00000007d56b0000,0x00000007d67c05d0,0x00000007d67d0000)
  from space 384K, 93% used [0x00000007d67f0000,0x00000007d684a300,0x00000007d6850000)
  to   space 512K, 0% used [0x00000007d6850000,0x00000007d6850000,0x00000007d68d0000)
 ParOldGen       total 87168K, used 65700K [0x0000000780400000, 0x0000000785920000, 0x00000007d56b0000)
  object space 87168K, 75% used [0x0000000780400000,0x00000007844293c0,0x0000000785920000)
 PSPermGen       total 21248K, used 7919K [0x000000077b200000, 0x000000077c6c0000, 0x0000000780400000)
  object space 21248K, 37% used [0x000000077b200000,0x000000077b9bbee0,0x000000077c6c0000)
Event: 85.773 GC heap after
Heap after GC invocations=1836 (full 0):
 PSYoungGen      total 17600K, used 314K [0x00000007d56b0000, 0x00000007d68a0000, 0x0000000800000000)
  eden space 17280K, 0% used [0x00000007d56b0000,0x00000007d56b0000,0x00000007d6790000)
  from space 320K, 98% used [0x00000007d6850000,0x00000007d689ea70,0x00000007d68a0000)
  to   space 512K, 0% used [0x00000007d67a0000,0x00000007d67a0000,0x00000007d6820000)
 ParOldGen       total 87168K, used 65732K [0x0000000780400000, 0x0000000785920000, 0x00000007d56b0000)
  object space 87168K, 75% used [0x0000000780400000,0x00000007844313c0,0x0000000785920000)
 PSPermGen       total 21248K, used 7919K [0x000000077b200000, 0x000000077c6c0000, 0x0000000780400000)
  object space 21248K, 37% used [0x000000077b200000,0x000000077b9bbee0,0x000000077c6c0000)
}

