# JRE version: 7.0_21-b11
# Java VM: Java HotSpot(TM) 64-Bit Server VM (23.21-b01 mixed mode windows-amd64 compressed oops)
Heap
 PSYoungGen      total 7488K, used 3389K [0x00000007d56b0000, 0x00000007d5e60000, 0x0000000800000000)
  eden space 7104K, 43% used [0x00000007d56b0000,0x00000007d59b7588,0x00000007d5da0000)
  from space 384K, 75% used [0x00000007d5da0000,0x00000007d5de8000,0x00000007d5e00000)
  to   space 384K, 0% used [0x00000007d5e00000,0x00000007d5e00000,0x00000007d5e60000)
 ParOldGen       total 87168K, used 20458K [0x0000000780400000, 0x0000000785920000, 0x00000007d56b0000)
  object space 87168K, 23% used [0x0000000780400000,0x00000007817fabe8,0x0000000785920000)
 PSPermGen       total 21248K, used 7814K [0x000000077b200000, 0x000000077c6c0000, 0x0000000780400000)
  object space 21248K, 36% used [0x000000077b200000,0x000000077b9a1880,0x000000077c6c0000)
GC Heap History (10 events):
Event: 26.667 GC heap before
{Heap before GC invocations=477 (full 0):
 PSYoungGen      total 7424K, used 7360K [0x00000007d56b0000, 0x00000007d5e40000, 0x0000000800000000)
  eden space 7104K, 100% used [0x00000007d56b0000,0x00000007d5da0000,0x00000007d5da0000)
  from space 320K, 80% used [0x00000007d5df0000,0x00000007d5e30000,0x00000007d5e40000)
  to   space 320K, 0% used [0x00000007d5da0000,0x00000007d5da0000,0x00000007d5df0000)
 ParOldGen       total 87168K, used 20080K [0x0000000780400000, 0x0000000785920000, 0x00000007d56b0000)
  object space 87168K, 23% used [0x0000000780400000,0x000000078179c1f8,0x0000000785920000)
 PSPermGen       total 21248K, used 7813K [0x000000077b200000, 0x000000077c6c0000, 0x0000000780400000)
  object space 21248K, 36% used [0x000000077b200000,0x000000077b9a15b0,0x000000077c6c0000)
Event: 26.667 GC heap after
Heap after GC invocations=477 (full 0):
 PSYoungGen      total 7424K, used 288K [0x00000007d56b0000, 0x00000007d5e40000, 0x0000000800000000)
  eden space 7104K, 0% used [0x00000007d56b0000,0x00000007d56b0000,0x00000007d5da0000)
  from space 320K, 90% used [0x00000007d5da0000,0x00000007d5de8000,0x00000007d5df0000)
  to   space 320K, 0% used [0x00000007d5df0000,0x00000007d5df0000,0x00000007d5e40000)
 ParOldGen       total 87168K, used 20144K [0x0000000780400000, 0x0000000785920000, 0x00000007d56b0000)
  object space 87168K, 23% used [0x0000000780400000,0x00000007817ac1f8,0x0000000785920000)
 PSPermGen       total 21248K, used 7813K [0x000000077b200000, 0x000000077c6c0000, 0x0000000780400000)
  object space 21248K, 36% used [0x000000077b200000,0x000000077b9a15b0,0x000000077c6c0000)
}
Event: 26.966 GC heap before
{Heap before GC invocations=478 (full 0):
 PSYoungGen      total 7424K, used 7392K [0x00000007d56b0000, 0x00000007d5e40000, 0x0000000800000000)
  eden space 7104K, 100% used [0x00000007d56b0000,0x00000007d5da0000,0x00000007d5da0000)
  from space 320K, 90% used [0x00000007d5da0000,0x00000007d5de8000,0x00000007d5df0000)
  to   space 320K, 0% used [0x00000007d5df0000,0x00000007d5df0000,0x00000007d5e40000)
 ParOldGen       total 87168K, used 20144K [0x0000000780400000, 0x0000000785920000, 0x00000007d56b0000)
  object space 87168K, 23% used [0x0000000780400000,0x00000007817ac1f8,0x0000000785920000)
 PSPermGen       total 21248K, used 7813K [0x000000077b200000, 0x000000077c6c0000, 0x0000000780400000)
  object space 21248K, 36% used [0x000000077b200000,0x000000077b9a15b0,0x000000077c6c0000)
Event: 26.966 GC heap after
Heap after GC invocations=478 (full 0):
 PSYoungGen      total 7424K, used 288K [0x00000007d56b0000, 0x00000007d5e40000, 0x0000000800000000)
  eden space 7104K, 0% used [0x00000007d56b0000,0x00000007d56b0000,0x00000007d5da0000)
  from space 320K, 90% used [0x00000007d5df0000,0x00000007d5e38000,0x00000007d5e40000)
  to   space 320K, 0% used [0x00000007d5da0000,0x00000007d5da0000,0x00000007d5df0000)
 ParOldGen       total 87168K, used 20224K [0x0000000780400000, 0x0000000785920000, 0x00000007d56b0000)
  object space 87168K, 23% used [0x0000000780400000,0x00000007817c01f8,0x0000000785920000)
 PSPermGen       total 21248K, used 7813K [0x000000077b200000, 0x000000077c6c0000, 0x0000000780400000)
  object space 21248K, 36% used [0x000000077b200000,0x000000077b9a15b0,0x000000077c6c0000)
}
Event: 27.649 GC heap before
{Heap before GC invocations=479 (full 0):
 PSYoungGen      total 7424K, used 7392K [0x00000007d56b0000, 0x00000007d5e40000, 0x0000000800000000)
  eden space 7104K, 100% used [0x00000007d56b0000,0x00000007d5da0000,0x00000007d5da0000)
  from space 320K, 90% used [0x00000007d5df0000,0x00000007d5e38000,0x00000007d5e40000)
  to   space 320K, 0% used [0x00000007d5da0000,0x00000007d5da0000,0x00000007d5df0000)
 ParOldGen       total 87168K, used 20224K [0x0000000780400000, 0x0000000785920000, 0x00000007d56b0000)
  object space 87168K, 23% used [0x0000000780400000,0x00000007817c01f8,0x0000000785920000)
 PSPermGen       total 21248K, used 7813K [0x000000077b200000, 0x000000077c6c0000, 0x0000000780400000)
  object space 21248K, 36% used [0x000000077b200000,0x000000077b9a15b0,0x000000077c6c0000)
Event: 27.649 GC heap after
Heap after GC invocations=479 (full 0):
 PSYoungGen      total 7424K, used 305K [0x00000007d56b0000, 0x00000007d5e60000, 0x0000000800000000)
  eden space 7104K, 0% used [0x00000007d56b0000,0x00000007d56b0000,0x00000007d5da0000)
  from space 320K, 95% used [0x00000007d5da0000,0x00000007d5dec770,0x00000007d5df0000)
  to   space 384K, 0% used [0x00000007d5e00000,0x00000007d5e00000,0x00000007d5e60000)
 ParOldGen       total 87168K, used 20248K [0x0000000780400000, 0x0000000785920000, 0x00000007d56b0000)
  object space 87168K, 23% used [0x0000000780400000,0x00000007817c61f8,0x0000000785920000)
 PSPermGen       total 21248K, used 7813K [0x000000077b200000, 0x000000077c6c0000, 0x0000000780400000)
  object space 21248K, 36% used [0x000000077b200000,0x000000077b9a15b0,0x000000077c6c0000)
}
Event: 28.437 GC heap before
{Heap before GC invocations=480 (full 0):
 PSYoungGen      total 7424K, used 7409K [0x00000007d56b0000, 0x00000007d5e60000, 0x0000000800000000)
  eden space 7104K, 100% used [0x00000007d56b0000,0x00000007d5da0000,0x00000007d5da0000)
  from space 320K, 95% used [0x00000007d5da0000,0x00000007d5dec770,0x00000007d5df0000)
  to   space 384K, 0% used [0x00000007d5e00000,0x00000007d5e00000,0x00000007d5e60000)
 ParOldGen       total 87168K, used 20248K [0x0000000780400000, 0x0000000785920000, 0x00000007d56b0000)
  object space 87168K, 23% used [0x0000000780400000,0x00000007817c61f8,0x0000000785920000)
 PSPermGen       total 21248K, used 7813K [0x000000077b200000, 0x000000077c6c0000, 0x0000000780400000)
  object space 21248K, 36% used [0x000000077b200000,0x000000077b9a15b0,0x000000077c6c0000)
Event: 28.437 GC heap after
Heap after GC invocations=480 (full 0):
 PSYoungGen      total 7488K, used 288K [0x00000007d56b0000, 0x00000007d5e60000, 0x0000000800000000)
  eden space 7104K, 0% used [0x00000007d56b0000,0x00000007d56b0000,0x00000007d5da0000)
  from space 384K, 75% used [0x00000007d5e00000,0x00000007d5e48000,0x00000007d5e60000)
  to   space 384K, 0% used [0x00000007d5da0000,0x00000007d5da0000,0x00000007d5e00000)
 ParOldGen       total 87168K, used 20402K [0x0000000780400000, 0x0000000785920000, 0x00000007d56b0000)
  object space 87168K, 23% used [0x0000000780400000,0x00000007817ecbe8,0x0000000785920000)
 PSPermGen       total 21248K, used 7813K [0x000000077b200000, 0x000000077c6c0000, 0x0000000780400000)
  object space 21248K, 36% used [0x000000077b200000,0x000000077b9a15b0,0x000000077c6c0000)
}
Event: 29.283 GC heap before
{Heap before GC invocations=481 (full 0):
 PSYoungGen      total 7488K, used 7392K [0x00000007d56b0000, 0x00000007d5e60000, 0x0000000800000000)
  eden space 7104K, 100% used [0x00000007d56b0000,0x00000007d5da0000,0x00000007d5da0000)
  from space 384K, 75% used [0x00000007d5e00000,0x00000007d5e48000,0x00000007d5e60000)
  to   space 384K, 0% used [0x00000007d5da0000,0x00000007d5da0000,0x00000007d5e00000)
 ParOldGen       total 87168K, used 20402K [0x0000000780400000, 0x0000000785920000, 0x00000007d56b0000)
  object space 87168K, 23% used [0x0000000780400000,0x00000007817ecbe8,0x0000000785920000)
 PSPermGen       total 21248K, used 7813K [0x000000077b200000, 0x000000077c6c0000, 0x0000000780400000)
  object space 21248K, 36% used [0x000000077b200000,0x000000077b9a15b0,0x000000077c6c0000)
Event: 29.284 GC heap after
Heap after GC invocations=481 (full 0):
 PSYoungGen      total 7488K, used 288K [0x00000007d56b0000, 0x00000007d5e60000, 0x0000000800000000)
  eden space 7104K, 0% used [0x00000007d56b0000,0x00000007d56b0000,0x00000007d5da0000)
  from space 384K, 75% used [0x00000007d5da0000,0x00000007d5de8000,0x00000007d5e00000)
  to   space 384K, 0% used [0x00000007d5e00000,0x00000007d5e00000,0x00000007d5e60000)
 ParOldGen       total 87168K, used 20458K [0x0000000780400000, 0x0000000785920000, 0x00000007d56b0000)
  object space 87168K, 23% used [0x0000000780400000,0x00000007817fabe8,0x0000000785920000)
 PSPermGen       total 21248K, used 7813K [0x000000077b200000, 0x000000077c6c0000, 0x0000000780400000)
  object space 21248K, 36% used [0x000000077b200000,0x000000077b9a15b0,0x000000077c6c0000)
}

