# JRE version: 7.0_21-b11
# Java VM: Java HotSpot(TM) 64-Bit Server VM (23.21-b01 mixed mode windows-amd64 compressed oops)
Heap
 PSYoungGen      total 9600K, used 1193K [0x00000007d56b0000, 0x00000007d60e0000, 0x0000000800000000)
  eden space 9536K, 12% used [0x00000007d56b0000,0x00000007d57d2680,0x00000007d6000000)
  from space 64K, 50% used [0x00000007d6010000,0x00000007d6018000,0x00000007d6020000)
  to   space 448K, 0% used [0x00000007d6070000,0x00000007d6070000,0x00000007d60e0000)
 ParOldGen       total 87168K, used 26034K [0x0000000780400000, 0x0000000785920000, 0x00000007d56b0000)
  object space 87168K, 29% used [0x0000000780400000,0x0000000781d6ca10,0x0000000785920000)
 PSPermGen       total 21248K, used 7814K [0x000000077b200000, 0x000000077c6c0000, 0x0000000780400000)
  object space 21248K, 36% used [0x000000077b200000,0x000000077b9a1a88,0x000000077c6c0000)
GC Heap History (10 events):
Event: 60.800 GC heap before
{Heap before GC invocations=1203 (full 0):
 PSYoungGen      total 10240K, used 10144K [0x00000007d56b0000, 0x00000007d6130000, 0x0000000800000000)
  eden space 9856K, 100% used [0x00000007d56b0000,0x00000007d6050000,0x00000007d6050000)
  from space 384K, 75% used [0x00000007d60d0000,0x00000007d6118000,0x00000007d6130000)
  to   space 448K, 0% used [0x00000007d6050000,0x00000007d6050000,0x00000007d60c0000)
 ParOldGen       total 87168K, used 25970K [0x0000000780400000, 0x0000000785920000, 0x00000007d56b0000)
  object space 87168K, 29% used [0x0000000780400000,0x0000000781d5ca10,0x0000000785920000)
 PSPermGen       total 21248K, used 7814K [0x000000077b200000, 0x000000077c6c0000, 0x0000000780400000)
  object space 21248K, 36% used [0x000000077b200000,0x000000077b9a1a88,0x000000077c6c0000)
Event: 60.801 GC heap after
Heap after GC invocations=1203 (full 0):
 PSYoungGen      total 10112K, used 288K [0x00000007d56b0000, 0x00000007d6120000, 0x0000000800000000)
  eden space 9792K, 0% used [0x00000007d56b0000,0x00000007d56b0000,0x00000007d6040000)
  from space 320K, 90% used [0x00000007d6050000,0x00000007d6098000,0x00000007d60a0000)
  to   space 448K, 0% used [0x00000007d60b0000,0x00000007d60b0000,0x00000007d6120000)
 ParOldGen       total 87168K, used 25970K [0x0000000780400000, 0x0000000785920000, 0x00000007d56b0000)
  object space 87168K, 29% used [0x0000000780400000,0x0000000781d5ca10,0x0000000785920000)
 PSPermGen       total 21248K, used 7814K [0x000000077b200000, 0x000000077c6c0000, 0x0000000780400000)
  object space 21248K, 36% used [0x000000077b200000,0x000000077b9a1a88,0x000000077c6c0000)
}
Event: 60.843 GC heap before
{Heap before GC invocations=1204 (full 0):
 PSYoungGen      total 10112K, used 10080K [0x00000007d56b0000, 0x00000007d6120000, 0x0000000800000000)
  eden space 9792K, 100% used [0x00000007d56b0000,0x00000007d6040000,0x00000007d6040000)
  from space 320K, 90% used [0x00000007d6050000,0x00000007d6098000,0x00000007d60a0000)
  to   space 448K, 0% used [0x00000007d60b0000,0x00000007d60b0000,0x00000007d6120000)
 ParOldGen       total 87168K, used 25970K [0x0000000780400000, 0x0000000785920000, 0x00000007d56b0000)
  object space 87168K, 29% used [0x0000000780400000,0x0000000781d5ca10,0x0000000785920000)
 PSPermGen       total 21248K, used 7814K [0x000000077b200000, 0x000000077c6c0000, 0x0000000780400000)
  object space 21248K, 36% used [0x000000077b200000,0x000000077b9a1a88,0x000000077c6c0000)
Event: 60.844 GC heap after
Heap after GC invocations=1204 (full 0):
 PSYoungGen      total 10112K, used 288K [0x00000007d56b0000, 0x00000007d6110000, 0x0000000800000000)
  eden space 9728K, 0% used [0x00000007d56b0000,0x00000007d56b0000,0x00000007d6030000)
  from space 384K, 75% used [0x00000007d60b0000,0x00000007d60f8000,0x00000007d6110000)
  to   space 448K, 0% used [0x00000007d6030000,0x00000007d6030000,0x00000007d60a0000)
 ParOldGen       total 87168K, used 25970K [0x0000000780400000, 0x0000000785920000, 0x00000007d56b0000)
  object space 87168K, 29% used [0x0000000780400000,0x0000000781d5ca10,0x0000000785920000)
 PSPermGen       total 21248K, used 7814K [0x000000077b200000, 0x000000077c6c0000, 0x0000000780400000)
  object space 21248K, 36% used [0x000000077b200000,0x000000077b9a1a88,0x000000077c6c0000)
}
Event: 60.886 GC heap before
{Heap before GC invocations=1205 (full 0):
 PSYoungGen      total 10112K, used 10016K [0x00000007d56b0000, 0x00000007d6110000, 0x0000000800000000)
  eden space 9728K, 100% used [0x00000007d56b0000,0x00000007d6030000,0x00000007d6030000)
  from space 384K, 75% used [0x00000007d60b0000,0x00000007d60f8000,0x00000007d6110000)
  to   space 448K, 0% used [0x00000007d6030000,0x00000007d6030000,0x00000007d60a0000)
 ParOldGen       total 87168K, used 25970K [0x0000000780400000, 0x0000000785920000, 0x00000007d56b0000)
  object space 87168K, 29% used [0x0000000780400000,0x0000000781d5ca10,0x0000000785920000)
 PSPermGen       total 21248K, used 7814K [0x000000077b200000, 0x000000077c6c0000, 0x0000000780400000)
  object space 21248K, 36% used [0x000000077b200000,0x000000077b9a1a88,0x000000077c6c0000)
Event: 60.886 GC heap after
Heap after GC invocations=1205 (full 0):
 PSYoungGen      total 9984K, used 288K [0x00000007d56b0000, 0x00000007d6100000, 0x0000000800000000)
  eden space 9664K, 0% used [0x00000007d56b0000,0x00000007d56b0000,0x00000007d6020000)
  from space 320K, 90% used [0x00000007d6030000,0x00000007d6078000,0x00000007d6080000)
  to   space 448K, 0% used [0x00000007d6090000,0x00000007d6090000,0x00000007d6100000)
 ParOldGen       total 87168K, used 25970K [0x0000000780400000, 0x0000000785920000, 0x00000007d56b0000)
  object space 87168K, 29% used [0x0000000780400000,0x0000000781d5ca10,0x0000000785920000)
 PSPermGen       total 21248K, used 7814K [0x000000077b200000, 0x000000077c6c0000, 0x0000000780400000)
  object space 21248K, 36% used [0x000000077b200000,0x000000077b9a1a88,0x000000077c6c0000)
}
Event: 60.929 GC heap before
{Heap before GC invocations=1206 (full 0):
 PSYoungGen      total 9984K, used 9952K [0x00000007d56b0000, 0x00000007d6100000, 0x0000000800000000)
  eden space 9664K, 100% used [0x00000007d56b0000,0x00000007d6020000,0x00000007d6020000)
  from space 320K, 90% used [0x00000007d6030000,0x00000007d6078000,0x00000007d6080000)
  to   space 448K, 0% used [0x00000007d6090000,0x00000007d6090000,0x00000007d6100000)
 ParOldGen       total 87168K, used 25970K [0x0000000780400000, 0x0000000785920000, 0x00000007d56b0000)
  object space 87168K, 29% used [0x0000000780400000,0x0000000781d5ca10,0x0000000785920000)
 PSPermGen       total 21248K, used 7814K [0x000000077b200000, 0x000000077c6c0000, 0x0000000780400000)
  object space 21248K, 36% used [0x000000077b200000,0x000000077b9a1a88,0x000000077c6c0000)
Event: 60.930 GC heap after
Heap after GC invocations=1206 (full 0):
 PSYoungGen      total 9984K, used 256K [0x00000007d56b0000, 0x00000007d60f0000, 0x0000000800000000)
  eden space 9600K, 0% used [0x00000007d56b0000,0x00000007d56b0000,0x00000007d6010000)
  from space 384K, 66% used [0x00000007d6090000,0x00000007d60d0000,0x00000007d60f0000)
  to   space 448K, 0% used [0x00000007d6010000,0x00000007d6010000,0x00000007d6080000)
 ParOldGen       total 87168K, used 25970K [0x0000000780400000, 0x0000000785920000, 0x00000007d56b0000)
  object space 87168K, 29% used [0x0000000780400000,0x0000000781d5ca10,0x0000000785920000)
 PSPermGen       total 21248K, used 7814K [0x000000077b200000, 0x000000077c6c0000, 0x0000000780400000)
  object space 21248K, 36% used [0x000000077b200000,0x000000077b9a1a88,0x000000077c6c0000)
}
Event: 60.948 GC heap before
{Heap before GC invocations=1207 (full 0):
 PSYoungGen      total 9984K, used 9856K [0x00000007d56b0000, 0x00000007d60f0000, 0x0000000800000000)
  eden space 9600K, 100% used [0x00000007d56b0000,0x00000007d6010000,0x00000007d6010000)
  from space 384K, 66% used [0x00000007d6090000,0x00000007d60d0000,0x00000007d60f0000)
  to   space 448K, 0% used [0x00000007d6010000,0x00000007d6010000,0x00000007d6080000)
 ParOldGen       total 87168K, used 25970K [0x0000000780400000, 0x0000000785920000, 0x00000007d56b0000)
  object space 87168K, 29% used [0x0000000780400000,0x0000000781d5ca10,0x0000000785920000)
 PSPermGen       total 21248K, used 7814K [0x000000077b200000, 0x000000077c6c0000, 0x0000000780400000)
  object space 21248K, 36% used [0x000000077b200000,0x000000077b9a1a88,0x000000077c6c0000)
Event: 60.948 GC heap after
Heap after GC invocations=1207 (full 0):
 PSYoungGen      total 9600K, used 32K [0x00000007d56b0000, 0x00000007d60e0000, 0x0000000800000000)
  eden space 9536K, 0% used [0x00000007d56b0000,0x00000007d56b0000,0x00000007d6000000)
  from space 64K, 50% used [0x00000007d6010000,0x00000007d6018000,0x00000007d6020000)
  to   space 448K, 0% used [0x00000007d6070000,0x00000007d6070000,0x00000007d60e0000)
 ParOldGen       total 87168K, used 26034K [0x0000000780400000, 0x0000000785920000, 0x00000007d56b0000)
  object space 87168K, 29% used [0x0000000780400000,0x0000000781d6ca10,0x0000000785920000)
 PSPermGen       total 21248K, used 7814K [0x000000077b200000, 0x000000077c6c0000, 0x0000000780400000)
  object space 21248K, 36% used [0x000000077b200000,0x000000077b9a1a88,0x000000077c6c0000)
}

