# JRE version: 7.0_21-b11
# Java VM: Java HotSpot(TM) 64-Bit Server VM (23.21-b01 mixed mode windows-amd64 compressed oops)
Heap
 PSYoungGen      total 7360K, used 4094K [0x00000007d56b0000, 0x00000007dca20000, 0x0000000800000000)
  eden space 7104K, 54% used [0x00000007d56b0000,0x00000007d5a6fbb8,0x00000007d5da0000)
  from space 256K, 100% used [0x00000007dc950000,0x00000007dc990000,0x00000007dc990000)
  to   space 448K, 0% used [0x00000007dc9b0000,0x00000007dc9b0000,0x00000007dca20000)
 ParOldGen       total 87168K, used 18327K [0x0000000780400000, 0x0000000785920000, 0x00000007d56b0000)
  object space 87168K, 21% used [0x0000000780400000,0x00000007815e5d10,0x0000000785920000)
 PSPermGen       total 21248K, used 7894K [0x000000077b200000, 0x000000077c6c0000, 0x0000000780400000)
  object space 21248K, 37% used [0x000000077b200000,0x000000077b9b5ad0,0x000000077c6c0000)
GC Heap History (10 events):
Event: 51.908 GC heap before
{Heap before GC invocations=459 (full 0):
 PSYoungGen      total 7360K, used 7316K [0x00000007d56b0000, 0x00000007dcab0000, 0x0000000800000000)
  eden space 7104K, 99% used [0x00000007d56b0000,0x00000007d5d950d0,0x00000007d5da0000)
  from space 256K, 100% used [0x00000007dca70000,0x00000007dcab0000,0x00000007dcab0000)
  to   space 448K, 0% used [0x00000007dc9d0000,0x00000007dc9d0000,0x00000007dca40000)
 ParOldGen       total 87168K, used 18247K [0x0000000780400000, 0x0000000785920000, 0x00000007d56b0000)
  object space 87168K, 20% used [0x0000000780400000,0x00000007815d1d10,0x0000000785920000)
 PSPermGen       total 21248K, used 7892K [0x000000077b200000, 0x000000077c6c0000, 0x0000000780400000)
  object space 21248K, 37% used [0x000000077b200000,0x000000077b9b5228,0x000000077c6c0000)
Event: 51.908 GC heap after
Heap after GC invocations=459 (full 0):
 PSYoungGen      total 7552K, used 392K [0x00000007d56b0000, 0x00000007dca80000, 0x0000000800000000)
  eden space 7104K, 0% used [0x00000007d56b0000,0x00000007d56b0000,0x00000007d5da0000)
  from space 448K, 87% used [0x00000007dc9d0000,0x00000007dca32300,0x00000007dca40000)
  to   space 256K, 0% used [0x00000007dca40000,0x00000007dca40000,0x00000007dca80000)
 ParOldGen       total 87168K, used 18247K [0x0000000780400000, 0x0000000785920000, 0x00000007d56b0000)
  object space 87168K, 20% used [0x0000000780400000,0x00000007815d1d10,0x0000000785920000)
 PSPermGen       total 21248K, used 7892K [0x000000077b200000, 0x000000077c6c0000, 0x0000000780400000)
  object space 21248K, 37% used [0x000000077b200000,0x000000077b9b5228,0x000000077c6c0000)
}
Event: 51.952 GC heap before
{Heap before GC invocations=460 (full 0):
 PSYoungGen      total 7552K, used 7496K [0x00000007d56b0000, 0x00000007dca80000, 0x0000000800000000)
  eden space 7104K, 100% used [0x00000007d56b0000,0x00000007d5da0000,0x00000007d5da0000)
  from space 448K, 87% used [0x00000007dc9d0000,0x00000007dca32300,0x00000007dca40000)
  to   space 256K, 0% used [0x00000007dca40000,0x00000007dca40000,0x00000007dca80000)
 ParOldGen       total 87168K, used 18247K [0x0000000780400000, 0x0000000785920000, 0x00000007d56b0000)
  object space 87168K, 20% used [0x0000000780400000,0x00000007815d1d10,0x0000000785920000)
 PSPermGen       total 21248K, used 7892K [0x000000077b200000, 0x000000077c6c0000, 0x0000000780400000)
  object space 21248K, 37% used [0x000000077b200000,0x000000077b9b5228,0x000000077c6c0000)
Event: 51.953 GC heap after
Heap after GC invocations=460 (full 0):
 PSYoungGen      total 7360K, used 256K [0x00000007d56b0000, 0x00000007dca80000, 0x0000000800000000)
  eden space 7104K, 0% used [0x00000007d56b0000,0x00000007d56b0000,0x00000007d5da0000)
  from space 256K, 100% used [0x00000007dca40000,0x00000007dca80000,0x00000007dca80000)
  to   space 448K, 0% used [0x00000007dc9a0000,0x00000007dc9a0000,0x00000007dca10000)
 ParOldGen       total 87168K, used 18255K [0x0000000780400000, 0x0000000785920000, 0x00000007d56b0000)
  object space 87168K, 20% used [0x0000000780400000,0x00000007815d3d10,0x0000000785920000)
 PSPermGen       total 21248K, used 7892K [0x000000077b200000, 0x000000077c6c0000, 0x0000000780400000)
  object space 21248K, 37% used [0x000000077b200000,0x000000077b9b5228,0x000000077c6c0000)
}
Event: 51.990 GC heap before
{Heap before GC invocations=461 (full 0):
 PSYoungGen      total 7360K, used 7325K [0x00000007d56b0000, 0x00000007dca80000, 0x0000000800000000)
  eden space 7104K, 99% used [0x00000007d56b0000,0x00000007d5d97508,0x00000007d5da0000)
  from space 256K, 100% used [0x00000007dca40000,0x00000007dca80000,0x00000007dca80000)
  to   space 448K, 0% used [0x00000007dc9a0000,0x00000007dc9a0000,0x00000007dca10000)
 ParOldGen       total 87168K, used 18255K [0x0000000780400000, 0x0000000785920000, 0x00000007d56b0000)
  object space 87168K, 20% used [0x0000000780400000,0x00000007815d3d10,0x0000000785920000)
 PSPermGen       total 21248K, used 7893K [0x000000077b200000, 0x000000077c6c0000, 0x0000000780400000)
  object space 21248K, 37% used [0x000000077b200000,0x000000077b9b5638,0x000000077c6c0000)
Event: 51.991 GC heap after
Heap after GC invocations=461 (full 0):
 PSYoungGen      total 7552K, used 392K [0x00000007d56b0000, 0x00000007dca50000, 0x0000000800000000)
  eden space 7104K, 0% used [0x00000007d56b0000,0x00000007d56b0000,0x00000007d5da0000)
  from space 448K, 87% used [0x00000007dc9a0000,0x00000007dca02300,0x00000007dca10000)
  to   space 256K, 0% used [0x00000007dca10000,0x00000007dca10000,0x00000007dca50000)
 ParOldGen       total 87168K, used 18255K [0x0000000780400000, 0x0000000785920000, 0x00000007d56b0000)
  object space 87168K, 20% used [0x0000000780400000,0x00000007815d3d10,0x0000000785920000)
 PSPermGen       total 21248K, used 7893K [0x000000077b200000, 0x000000077c6c0000, 0x0000000780400000)
  object space 21248K, 37% used [0x000000077b200000,0x000000077b9b5638,0x000000077c6c0000)
}
Event: 52.034 GC heap before
{Heap before GC invocations=462 (full 0):
 PSYoungGen      total 7552K, used 7496K [0x00000007d56b0000, 0x00000007dca50000, 0x0000000800000000)
  eden space 7104K, 100% used [0x00000007d56b0000,0x00000007d5da0000,0x00000007d5da0000)
  from space 448K, 87% used [0x00000007dc9a0000,0x00000007dca02300,0x00000007dca10000)
  to   space 256K, 0% used [0x00000007dca10000,0x00000007dca10000,0x00000007dca50000)
 ParOldGen       total 87168K, used 18255K [0x0000000780400000, 0x0000000785920000, 0x00000007d56b0000)
  object space 87168K, 20% used [0x0000000780400000,0x00000007815d3d10,0x0000000785920000)
 PSPermGen       total 21248K, used 7894K [0x000000077b200000, 0x000000077c6c0000, 0x0000000780400000)
  object space 21248K, 37% used [0x000000077b200000,0x000000077b9b5870,0x000000077c6c0000)
Event: 52.035 GC heap after
Heap after GC invocations=462 (full 0):
 PSYoungGen      total 7360K, used 256K [0x00000007d56b0000, 0x00000007dca50000, 0x0000000800000000)
  eden space 7104K, 0% used [0x00000007d56b0000,0x00000007d56b0000,0x00000007d5da0000)
  from space 256K, 100% used [0x00000007dca10000,0x00000007dca50000,0x00000007dca50000)
  to   space 512K, 0% used [0x00000007dc950000,0x00000007dc950000,0x00000007dc9d0000)
 ParOldGen       total 87168K, used 18271K [0x0000000780400000, 0x0000000785920000, 0x00000007d56b0000)
  object space 87168K, 20% used [0x0000000780400000,0x00000007815d7d10,0x0000000785920000)
 PSPermGen       total 21248K, used 7894K [0x000000077b200000, 0x000000077c6c0000, 0x0000000780400000)
  object space 21248K, 37% used [0x000000077b200000,0x000000077b9b5870,0x000000077c6c0000)
}
Event: 52.072 GC heap before
{Heap before GC invocations=463 (full 0):
 PSYoungGen      total 7360K, used 7360K [0x00000007d56b0000, 0x00000007dca50000, 0x0000000800000000)
  eden space 7104K, 100% used [0x00000007d56b0000,0x00000007d5da0000,0x00000007d5da0000)
  from space 256K, 100% used [0x00000007dca10000,0x00000007dca50000,0x00000007dca50000)
  to   space 512K, 0% used [0x00000007dc950000,0x00000007dc950000,0x00000007dc9d0000)
 ParOldGen       total 87168K, used 18271K [0x0000000780400000, 0x0000000785920000, 0x00000007d56b0000)
  object space 87168K, 20% used [0x0000000780400000,0x00000007815d7d10,0x0000000785920000)
 PSPermGen       total 21248K, used 7894K [0x000000077b200000, 0x000000077c6c0000, 0x0000000780400000)
  object space 21248K, 37% used [0x000000077b200000,0x000000077b9b5870,0x000000077c6c0000)
Event: 52.072 GC heap after
Heap after GC invocations=463 (full 0):
 PSYoungGen      total 7360K, used 256K [0x00000007d56b0000, 0x00000007dca20000, 0x0000000800000000)
  eden space 7104K, 0% used [0x00000007d56b0000,0x00000007d56b0000,0x00000007d5da0000)
  from space 256K, 100% used [0x00000007dc950000,0x00000007dc990000,0x00000007dc990000)
  to   space 448K, 0% used [0x00000007dc9b0000,0x00000007dc9b0000,0x00000007dca20000)
 ParOldGen       total 87168K, used 18327K [0x0000000780400000, 0x0000000785920000, 0x00000007d56b0000)
  object space 87168K, 21% used [0x0000000780400000,0x00000007815e5d10,0x0000000785920000)
 PSPermGen       total 21248K, used 7894K [0x000000077b200000, 0x000000077c6c0000, 0x0000000780400000)
  object space 21248K, 37% used [0x000000077b200000,0x000000077b9b5870,0x000000077c6c0000)
}

